TN:
SF:src/app.ts
FNF:0
FNH:0
DA:1,1
DA:2,1
DA:3,1
DA:4,1
DA:6,1
DA:8,1
DA:9,1
DA:10,1
DA:11,1
DA:13,1
LF:10
LH:10
BRF:0
BRH:0
end_of_record
TN:
SF:src/config/appState.ts
FN:3,(anonymous_0)
FN:7,(anonymous_1)
FNF:2
FNH:0
FNDA:0,(anonymous_0)
FNDA:0,(anonymous_1)
DA:1,1
DA:3,1
DA:4,0
DA:7,1
LF:4
LH:3
BRF:0
BRH:0
end_of_record
TN:
SF:src/config/db.ts
FNF:0
FNH:0
DA:1,1
DA:2,1
DA:4,1
DA:6,1
LF:4
LH:4
BRF:0
BRH:0
end_of_record
TN:
SF:src/config/logger.ts
FNF:0
FNH:0
DA:1,1
DA:3,1
DA:5,1
LF:3
LH:3
BRDA:7,0,0,1
BRDA:7,0,1,1
BRDA:9,1,0,0
BRDA:9,1,1,1
BRF:4
BRH:3
end_of_record
TN:
SF:src/controllers/account.controller.ts
FN:4,(anonymous_9)
FN:23,(anonymous_10)
FNF:2
FNH:1
FNDA:2,(anonymous_9)
FNDA:0,(anonymous_10)
DA:2,1
DA:4,1
DA:9,2
DA:10,2
DA:12,2
DA:17,2
DA:19,0
DA:23,1
DA:28,0
DA:29,0
DA:31,0
DA:33,0
DA:35,0
LF:13
LH:7
BRF:0
BRH:0
end_of_record
TN:
SF:src/controllers/transfer.controller.ts
FN:4,(anonymous_9)
FNF:1
FNH:1
FNDA:1,(anonymous_9)
DA:2,1
DA:4,1
DA:9,1
DA:10,1
DA:12,1
DA:18,1
DA:20,0
LF:7
LH:6
BRF:0
BRH:0
end_of_record
TN:
SF:src/errors/AppError.ts
FN:4,(anonymous_0)
FNF:1
FNH:0
FNDA:0,(anonymous_0)
DA:1,1
DA:5,0
DA:6,0
LF:3
LH:1
BRDA:4,0,0,0
BRF:1
BRH:0
end_of_record
TN:
SF:src/middlewares/error.middleware.ts
FN:5,(anonymous_0)
FNF:1
FNH:0
FNDA:0,(anonymous_0)
DA:2,1
DA:3,1
DA:5,1
DA:12,0
DA:14,0
DA:15,0
DA:21,0
DA:22,0
DA:28,0
LF:9
LH:3
BRDA:14,0,0,0
BRDA:14,0,1,0
BRDA:21,1,0,0
BRDA:21,1,1,0
BRF:4
BRH:0
end_of_record
TN:
SF:src/repositories/account.repository.ts
FN:11,(anonymous_0)
FN:38,(anonymous_1)
FN:62,(anonymous_2)
FN:82,(anonymous_3)
FN:102,(anonymous_4)
FNF:5
FNH:3
FNDA:2,(anonymous_0)
FNDA:0,(anonymous_1)
FNDA:0,(anonymous_2)
FNDA:2,(anonymous_3)
FNDA:2,(anonymous_4)
DA:1,1
DA:11,1
DA:12,2
DA:26,2
DA:35,2
DA:38,1
DA:41,0
DA:48,0
DA:50,0
DA:52,0
DA:62,1
DA:66,0
DA:82,1
DA:86,2
DA:94,2
DA:96,2
DA:102,1
DA:107,2
LF:18
LH:13
BRDA:48,0,0,0
BRDA:48,0,1,0
BRDA:94,1,0,0
BRDA:94,1,1,2
BRF:4
BRH:1
end_of_record
TN:
SF:src/repositories/transfer.repository.ts
FN:3,(anonymous_0)
FNF:1
FNH:1
FNDA:1,(anonymous_0)
DA:3,1
DA:11,1
LF:2
LH:2
BRF:0
BRH:0
end_of_record
TN:
SF:src/routes/health.routes.ts
FN:11,(anonymous_0)
FN:19,(anonymous_1)
FNF:2
FNH:0
FNDA:0,(anonymous_0)
FNDA:0,(anonymous_1)
DA:1,1
DA:2,1
DA:3,1
DA:5,1
DA:11,1
DA:12,0
DA:19,1
DA:20,0
DA:21,0
DA:26,0
DA:27,0
DA:28,0
DA:32,0
DA:38,1
LF:14
LH:7
BRDA:20,0,0,0
BRDA:20,0,1,0
BRF:2
BRH:0
end_of_record
TN:
SF:src/routes/index.ts
FN:7,(anonymous_0)
FNF:1
FNH:0
FNDA:0,(anonymous_0)
DA:1,1
DA:2,1
DA:3,1
DA:5,1
DA:7,1
DA:8,0
DA:11,1
DA:12,1
DA:13,1
DA:15,1
LF:10
LH:9
BRF:0
BRH:0
end_of_record
TN:
SF:src/services/account.service.ts
FN:6,(anonymous_9)
FN:28,(anonymous_10)
FN:45,(anonymous_11)
FNF:3
FNH:2
FNDA:2,(anonymous_9)
FNDA:0,(anonymous_10)
FNDA:2,(anonymous_11)
DA:1,1
DA:2,1
DA:3,1
DA:6,1
DA:10,2
DA:11,0
DA:14,2
DA:23,2
DA:25,2
DA:28,1
DA:29,0
DA:31,0
DA:32,0
DA:35,0
DA:45,1
DA:46,2
DA:47,2
LF:17
LH:12
BRDA:10,0,0,0
BRDA:10,0,1,2
BRDA:31,1,0,0
BRDA:31,1,1,0
BRF:4
BRH:1
end_of_record
TN:
SF:src/services/transfer.service.ts
FN:7,(anonymous_9)
FNF:1
FNH:1
FNDA:1,(anonymous_9)
DA:1,1
DA:2,1
DA:3,1
DA:4,1
DA:5,1
DA:7,1
DA:12,1
DA:13,0
DA:16,1
DA:18,1
DA:19,1
DA:22,1
DA:27,1
DA:28,0
DA:31,1
DA:32,0
DA:36,1
DA:41,1
DA:42,0
DA:46,1
DA:47,1
DA:49,1
DA:55,1
DA:61,1
DA:63,1
DA:72,1
DA:74,1
DA:76,0
DA:77,0
DA:79,1
LF:30
LH:24
BRDA:12,0,0,0
BRDA:12,0,1,1
BRDA:27,1,0,0
BRDA:27,1,1,1
BRDA:31,2,0,0
BRDA:31,2,1,1
BRDA:41,3,0,0
BRDA:41,3,1,1
BRF:8
BRH:4
end_of_record
